[2022-09-09T21:04:09.879Z] Log level: Info
[2022-09-09T21:04:09.888Z] [info] Validating found git in: git
[2022-09-09T21:04:09.928Z] [info] Using git 2.25.1 from git
[2022-09-09T21:04:09.952Z] > git rev-parse --show-toplevel [6ms]
[2022-09-09T21:04:09.952Z] fatal: not a git repository (or any parent up to mount point /)
Stopping at filesystem boundary (GIT_DISCOVERY_ACROSS_FILESYSTEM not set).
[2022-09-09T21:04:09.970Z] > git rev-parse --show-toplevel [8ms]
[2022-09-09T21:04:09.970Z] fatal: not a git repository (or any parent up to mount point /)
Stopping at filesystem boundary (GIT_DISCOVERY_ACROSS_FILESYSTEM not set).
[2022-09-09T21:04:09.976Z] > git rev-parse --show-toplevel [1ms]
[2022-09-09T21:04:09.976Z] fatal: not a git repository (or any parent up to mount point /)
Stopping at filesystem boundary (GIT_DISCOVERY_ACROSS_FILESYSTEM not set).
[2022-09-09T21:04:09.983Z] > git rev-parse --show-toplevel [1ms]
[2022-09-09T21:04:09.983Z] fatal: not a git repository (or any parent up to mount point /)
Stopping at filesystem boundary (GIT_DISCOVERY_ACROSS_FILESYSTEM not set).
[2022-09-09T21:04:09.990Z] > git rev-parse --show-toplevel [1ms]
[2022-09-09T21:04:09.990Z] fatal: not a git repository (or any parent up to mount point /)
Stopping at filesystem boundary (GIT_DISCOVERY_ACROSS_FILESYSTEM not set).
[2022-09-09T21:04:09.996Z] > git rev-parse --show-toplevel [1ms]
[2022-09-09T21:04:09.996Z] fatal: not a git repository (or any parent up to mount point /)
Stopping at filesystem boundary (GIT_DISCOVERY_ACROSS_FILESYSTEM not set).
[2022-09-09T21:04:10.003Z] > git rev-parse --show-toplevel [1ms]
[2022-09-09T21:04:10.003Z] fatal: not a git repository (or any parent up to mount point /)
Stopping at filesystem boundary (GIT_DISCOVERY_ACROSS_FILESYSTEM not set).
[2022-09-09T21:04:10.008Z] > git rev-parse --show-toplevel [1ms]
[2022-09-09T21:04:10.008Z] fatal: not a git repository (or any parent up to mount point /)
Stopping at filesystem boundary (GIT_DISCOVERY_ACROSS_FILESYSTEM not set).
[2022-09-09T21:04:10.014Z] > git rev-parse --show-toplevel [1ms]
[2022-09-09T21:04:10.014Z] fatal: not a git repository (or any parent up to mount point /)
Stopping at filesystem boundary (GIT_DISCOVERY_ACROSS_FILESYSTEM not set).
[2022-09-09T21:04:10.021Z] > git rev-parse --show-toplevel [2ms]
[2022-09-09T21:04:10.021Z] fatal: not a git repository (or any parent up to mount point /)
Stopping at filesystem boundary (GIT_DISCOVERY_ACROSS_FILESYSTEM not set).
[2022-09-09T21:04:10.027Z] > git rev-parse --show-toplevel [1ms]
[2022-09-09T21:04:10.027Z] fatal: not a git repository (or any parent up to mount point /)
Stopping at filesystem boundary (GIT_DISCOVERY_ACROSS_FILESYSTEM not set).
[2022-09-09T21:04:10.033Z] > git rev-parse --show-toplevel [1ms]
[2022-09-09T21:04:10.033Z] fatal: not a git repository (or any parent up to mount point /)
Stopping at filesystem boundary (GIT_DISCOVERY_ACROSS_FILESYSTEM not set).
[2022-09-09T21:04:10.553Z] > git rev-parse --show-toplevel [1ms]
[2022-09-09T21:04:10.553Z] fatal: not a git repository (or any parent up to mount point /)
Stopping at filesystem boundary (GIT_DISCOVERY_ACROSS_FILESYSTEM not set).
