[2022-09-09T19:27:45.303Z] Log level: Info
[2022-09-09T19:27:45.310Z] [info] Validating found git in: git
[2022-09-09T19:27:45.349Z] [info] Using git 2.25.1 from git
[2022-09-09T19:27:45.373Z] > git rev-parse --show-toplevel [6ms]
[2022-09-09T19:27:45.373Z] fatal: not a git repository (or any parent up to mount point /)
Stopping at filesystem boundary (GIT_DISCOVERY_ACROSS_FILESYSTEM not set).
[2022-09-09T19:27:45.385Z] > git rev-parse --show-toplevel [1ms]
[2022-09-09T19:27:45.385Z] fatal: not a git repository (or any parent up to mount point /)
Stopping at filesystem boundary (GIT_DISCOVERY_ACROSS_FILESYSTEM not set).
[2022-09-09T19:27:45.395Z] > git rev-parse --show-toplevel [2ms]
[2022-09-09T19:27:45.396Z] fatal: not a git repository (or any parent up to mount point /)
Stopping at filesystem boundary (GIT_DISCOVERY_ACROSS_FILESYSTEM not set).
[2022-09-09T19:27:45.405Z] > git rev-parse --show-toplevel [2ms]
[2022-09-09T19:27:45.406Z] fatal: not a git repository (or any parent up to mount point /)
Stopping at filesystem boundary (GIT_DISCOVERY_ACROSS_FILESYSTEM not set).
[2022-09-09T19:27:45.415Z] > git rev-parse --show-toplevel [2ms]
[2022-09-09T19:27:45.415Z] fatal: not a git repository (or any parent up to mount point /)
Stopping at filesystem boundary (GIT_DISCOVERY_ACROSS_FILESYSTEM not set).
[2022-09-09T19:27:45.430Z] > git rev-parse --show-toplevel [9ms]
[2022-09-09T19:27:45.430Z] fatal: not a git repository (or any parent up to mount point /)
Stopping at filesystem boundary (GIT_DISCOVERY_ACROSS_FILESYSTEM not set).
[2022-09-09T19:27:45.439Z] > git rev-parse --show-toplevel [1ms]
[2022-09-09T19:27:45.439Z] fatal: not a git repository (or any parent up to mount point /)
Stopping at filesystem boundary (GIT_DISCOVERY_ACROSS_FILESYSTEM not set).
[2022-09-09T19:27:45.446Z] > git rev-parse --show-toplevel [1ms]
[2022-09-09T19:27:45.446Z] fatal: not a git repository (or any parent up to mount point /)
Stopping at filesystem boundary (GIT_DISCOVERY_ACROSS_FILESYSTEM not set).
[2022-09-09T19:27:45.452Z] > git rev-parse --show-toplevel [1ms]
[2022-09-09T19:27:45.452Z] fatal: not a git repository (or any parent up to mount point /)
Stopping at filesystem boundary (GIT_DISCOVERY_ACROSS_FILESYSTEM not set).
[2022-09-09T19:27:45.459Z] > git rev-parse --show-toplevel [1ms]
[2022-09-09T19:27:45.459Z] fatal: not a git repository (or any parent up to mount point /)
Stopping at filesystem boundary (GIT_DISCOVERY_ACROSS_FILESYSTEM not set).
[2022-09-09T19:27:45.467Z] > git rev-parse --show-toplevel [2ms]
[2022-09-09T19:27:45.467Z] fatal: not a git repository (or any parent up to mount point /)
Stopping at filesystem boundary (GIT_DISCOVERY_ACROSS_FILESYSTEM not set).
[2022-09-09T19:27:45.719Z] > git rev-parse --show-toplevel [2ms]
[2022-09-09T19:27:45.719Z] fatal: not a git repository (or any parent up to mount point /)
Stopping at filesystem boundary (GIT_DISCOVERY_ACROSS_FILESYSTEM not set).
[2022-09-09T19:27:49.965Z] > git rev-parse --show-toplevel [2ms]
[2022-09-09T19:27:49.965Z] fatal: not a git repository (or any parent up to mount point /)
Stopping at filesystem boundary (GIT_DISCOVERY_ACROSS_FILESYSTEM not set).
[2022-09-09T19:37:54.497Z] > git rev-parse --show-toplevel [1ms]
[2022-09-09T19:37:54.497Z] fatal: not a git repository (or any parent up to mount point /)
Stopping at filesystem boundary (GIT_DISCOVERY_ACROSS_FILESYSTEM not set).
[2022-09-09T19:43:43.359Z] > git rev-parse --show-toplevel [1ms]
[2022-09-09T19:43:43.359Z] fatal: not a git repository (or any parent up to mount point /)
Stopping at filesystem boundary (GIT_DISCOVERY_ACROSS_FILESYSTEM not set).
[2022-09-09T19:43:53.804Z] > git rev-parse --show-toplevel [3ms]
[2022-09-09T19:43:53.804Z] fatal: not a git repository (or any parent up to mount point /)
Stopping at filesystem boundary (GIT_DISCOVERY_ACROSS_FILESYSTEM not set).
