[2022-09-09T19:50:11.002Z] Log level: Info
[2022-09-09T19:50:11.009Z] [info] Validating found git in: git
[2022-09-09T19:50:11.049Z] [info] Using git 2.25.1 from git
[2022-09-09T19:50:11.077Z] > git rev-parse --show-toplevel [12ms]
[2022-09-09T19:50:11.077Z] fatal: not a git repository (or any parent up to mount point /)
Stopping at filesystem boundary (GIT_DISCOVERY_ACROSS_FILESYSTEM not set).
[2022-09-09T19:50:11.090Z] > git rev-parse --show-toplevel [2ms]
[2022-09-09T19:50:11.090Z] fatal: not a git repository (or any parent up to mount point /)
Stopping at filesystem boundary (GIT_DISCOVERY_ACROSS_FILESYSTEM not set).
[2022-09-09T19:50:11.098Z] > git rev-parse --show-toplevel [3ms]
[2022-09-09T19:50:11.098Z] fatal: not a git repository (or any parent up to mount point /)
Stopping at filesystem boundary (GIT_DISCOVERY_ACROSS_FILESYSTEM not set).
[2022-09-09T19:50:11.106Z] > git rev-parse --show-toplevel [2ms]
[2022-09-09T19:50:11.106Z] fatal: not a git repository (or any parent up to mount point /)
Stopping at filesystem boundary (GIT_DISCOVERY_ACROSS_FILESYSTEM not set).
[2022-09-09T19:50:11.113Z] > git rev-parse --show-toplevel [2ms]
[2022-09-09T19:50:11.113Z] fatal: not a git repository (or any parent up to mount point /)
Stopping at filesystem boundary (GIT_DISCOVERY_ACROSS_FILESYSTEM not set).
[2022-09-09T19:50:11.119Z] > git rev-parse --show-toplevel [1ms]
[2022-09-09T19:50:11.119Z] fatal: not a git repository (or any parent up to mount point /)
Stopping at filesystem boundary (GIT_DISCOVERY_ACROSS_FILESYSTEM not set).
[2022-09-09T19:50:11.125Z] > git rev-parse --show-toplevel [1ms]
[2022-09-09T19:50:11.125Z] fatal: not a git repository (or any parent up to mount point /)
Stopping at filesystem boundary (GIT_DISCOVERY_ACROSS_FILESYSTEM not set).
[2022-09-09T19:50:11.131Z] > git rev-parse --show-toplevel [1ms]
[2022-09-09T19:50:11.131Z] fatal: not a git repository (or any parent up to mount point /)
Stopping at filesystem boundary (GIT_DISCOVERY_ACROSS_FILESYSTEM not set).
[2022-09-09T19:50:11.139Z] > git rev-parse --show-toplevel [1ms]
[2022-09-09T19:50:11.139Z] fatal: not a git repository (or any parent up to mount point /)
Stopping at filesystem boundary (GIT_DISCOVERY_ACROSS_FILESYSTEM not set).
[2022-09-09T19:50:11.146Z] > git rev-parse --show-toplevel [2ms]
[2022-09-09T19:50:11.146Z] fatal: not a git repository (or any parent up to mount point /)
Stopping at filesystem boundary (GIT_DISCOVERY_ACROSS_FILESYSTEM not set).
[2022-09-09T19:50:11.161Z] > git rev-parse --show-toplevel [10ms]
[2022-09-09T19:50:11.161Z] fatal: not a git repository (or any parent up to mount point /)
Stopping at filesystem boundary (GIT_DISCOVERY_ACROSS_FILESYSTEM not set).
[2022-09-09T19:50:11.169Z] > git rev-parse --show-toplevel [1ms]
[2022-09-09T19:50:11.169Z] fatal: not a git repository (or any parent up to mount point /)
Stopping at filesystem boundary (GIT_DISCOVERY_ACROSS_FILESYSTEM not set).
[2022-09-09T19:50:11.355Z] > git rev-parse --show-toplevel [2ms]
[2022-09-09T19:50:11.355Z] fatal: not a git repository (or any parent up to mount point /)
Stopping at filesystem boundary (GIT_DISCOVERY_ACROSS_FILESYSTEM not set).
