[2022-09-09T19:26:53.866Z] Log level: Info
[2022-09-09T19:26:53.878Z] [info] Validating found git in: git
[2022-09-09T19:26:53.918Z] [info] Using git 2.25.1 from git
[2022-09-09T19:26:53.970Z] > git rev-parse --show-toplevel [34ms]
[2022-09-09T19:26:53.970Z] fatal: not a git repository (or any of the parent directories): .git
[2022-09-09T19:26:53.981Z] > git rev-parse --show-toplevel [1ms]
[2022-09-09T19:26:53.981Z] fatal: not a git repository (or any of the parent directories): .git
[2022-09-09T19:26:53.993Z] > git rev-parse --show-toplevel [2ms]
[2022-09-09T19:26:53.993Z] fatal: not a git repository (or any of the parent directories): .git
[2022-09-09T19:26:54.002Z] > git rev-parse --show-toplevel [1ms]
[2022-09-09T19:26:54.002Z] fatal: not a git repository (or any of the parent directories): .git
[2022-09-09T19:26:54.010Z] > git rev-parse --show-toplevel [0ms]
[2022-09-09T19:26:54.010Z] fatal: not a git repository (or any parent up to mount point /)
Stopping at filesystem boundary (GIT_DISCOVERY_ACROSS_FILESYSTEM not set).
[2022-09-09T19:26:54.016Z] > git rev-parse --show-toplevel [1ms]
[2022-09-09T19:26:54.016Z] fatal: not a git repository (or any of the parent directories): .git
[2022-09-09T19:26:54.021Z] > git rev-parse --show-toplevel [0ms]
[2022-09-09T19:26:54.022Z] fatal: not a git repository (or any parent up to mount point /)
Stopping at filesystem boundary (GIT_DISCOVERY_ACROSS_FILESYSTEM not set).
[2022-09-09T19:26:54.026Z] > git rev-parse --show-toplevel [0ms]
[2022-09-09T19:26:54.026Z] fatal: not a git repository (or any of the parent directories): .git
[2022-09-09T19:26:54.040Z] > git rev-parse --show-toplevel [8ms]
[2022-09-09T19:26:54.040Z] fatal: not a git repository (or any of the parent directories): .git
[2022-09-09T19:26:54.049Z] > git rev-parse --show-toplevel [1ms]
[2022-09-09T19:26:54.049Z] fatal: not a git repository (or any of the parent directories): .git
[2022-09-09T19:26:54.054Z] > git rev-parse --show-toplevel [0ms]
[2022-09-09T19:26:54.055Z] fatal: not a git repository (or any of the parent directories): .git
[2022-09-09T19:26:54.061Z] > git rev-parse --show-toplevel [1ms]
[2022-09-09T19:26:54.061Z] fatal: not a git repository (or any of the parent directories): .git
[2022-09-09T19:26:54.066Z] > git rev-parse --show-toplevel [1ms]
[2022-09-09T19:26:54.066Z] fatal: not a git repository (or any of the parent directories): .git
[2022-09-09T19:26:54.072Z] > git rev-parse --show-toplevel [0ms]
[2022-09-09T19:26:54.072Z] fatal: not a git repository (or any parent up to mount point /)
Stopping at filesystem boundary (GIT_DISCOVERY_ACROSS_FILESYSTEM not set).
[2022-09-09T19:26:54.084Z] > git rev-parse --show-toplevel [1ms]
[2022-09-09T19:26:54.084Z] fatal: not a git repository (or any of the parent directories): .git
[2022-09-09T19:26:54.090Z] > git rev-parse --show-toplevel [0ms]
[2022-09-09T19:26:54.090Z] fatal: not a git repository (or any of the parent directories): .git
[2022-09-09T19:26:54.096Z] > git rev-parse --show-toplevel [0ms]
[2022-09-09T19:26:54.097Z] fatal: not a git repository (or any parent up to mount point /)
Stopping at filesystem boundary (GIT_DISCOVERY_ACROSS_FILESYSTEM not set).
[2022-09-09T19:26:54.102Z] > git rev-parse --show-toplevel [0ms]
[2022-09-09T19:26:54.102Z] fatal: not a git repository (or any of the parent directories): .git
[2022-09-09T19:26:54.108Z] > git rev-parse --show-toplevel [1ms]
[2022-09-09T19:26:54.108Z] fatal: not a git repository (or any of the parent directories): .git
[2022-09-09T19:26:54.117Z] > git rev-parse --show-toplevel [3ms]
[2022-09-09T19:26:54.117Z] fatal: not a git repository (or any of the parent directories): .git
[2022-09-09T19:26:57.777Z] > git rev-parse --show-toplevel [1ms]
[2022-09-09T19:26:57.777Z] fatal: not a git repository (or any of the parent directories): .git
[2022-09-09T19:27:03.450Z] > git rev-parse --show-toplevel [1ms]
[2022-09-09T19:27:03.450Z] fatal: not a git repository (or any of the parent directories): .git
